\nHi!

Hi!
Hi!
Hi!
Hi!
#####################################################################
Aktuelle Zeit: 11.09.2016 13:08
Dateiname    : main.3
Dateistempel : Sun, 11 Sep 2016 13:06:26 +0200
#####################################################################
Match-Analyse:
---------------------------------------------------------------------
1) matched: 12:39: <b> Sinhá Pureza</b> | <i>Pinduca</i>
 1: 12:39  31323a3339
 2:  Sinhá Pureza  2053696e68c3a120507572657a61
 3: Pinduca  50696e64756361
2) matched: 12:42: <b>Snoopies</b> | <i>De La Soul / David Byrne</i>
 1: 12:42  31323a3432
 2: Snoopies  536e6f6f70696573
 3: De La Soul / David Byrne  4465204c6120536f756c202f204461766964204279726e65
3) matched: 12:46: <b>Down With It</b> | <i>Robb</i>
 1: 12:46  31323a3436
 2: Down With It  446f776e2057697468204974
 3: Robb  526f6262
4) matched: 12:50: <b>Sun (giuliodj Remix)</b> | <i>Caribou</i>
 1: 12:50  31323a3530
 2: Sun (giuliodj Remix)  53756e20286769756c696f646a2052656d697829
 3: Caribou  43617269626f75
5) matched: 12:55: <b>Too Much Love</b> | <i>Get Well Soon</i>
 1: 12:55  31323a3535
 2: Too Much Love  546f6f204d756368204c6f7665
 3: Get Well Soon  4765742057656c6c20536f6f6e
6) matched: 13:03: <b>Old Skool</b> | <i>Metronomy</i>
 1: 13:03  31333a3033
 2: Old Skool  4f6c6420536b6f6f6c
 3: Metronomy  4d6574726f6e6f6d79
---------------------------------------------------------------------
Playtime-Analyse:
---------------------------------------------------------------------
1) Spielzeit: 12:39, Tageszeit: 13:11, Spieldatum: 2016-09-11.
Hi!
#####################################################################
Aktuelle Zeit: 11.09.2016 13:19
Dateiname    : main.3
Dateistempel : Sun, 11 Sep 2016 13:06:26 +0200
#####################################################################
Match-Analyse:
---------------------------------------------------------------------
1) matched: 12:39: <b> Sinhá Pureza</b> | <i>Pinduca</i>
 1: 12:39  31323a3339
 2:  Sinhá Pureza  2053696e68c3a120507572657a61
 3: Pinduca  50696e64756361
2) matched: 12:42: <b>Snoopies</b> | <i>De La Soul / David Byrne</i>
 1: 12:42  31323a3432
 2: Snoopies  536e6f6f70696573
 3: De La Soul / David Byrne  4465204c6120536f756c202f204461766964204279726e65
3) matched: 12:46: <b>Down With It</b> | <i>Robb</i>
 1: 12:46  31323a3436
 2: Down With It  446f776e2057697468204974
 3: Robb  526f6262
4) matched: 12:50: <b>Sun (giuliodj Remix)</b> | <i>Caribou</i>
 1: 12:50  31323a3530
 2: Sun (giuliodj Remix)  53756e20286769756c696f646a2052656d697829
 3: Caribou  43617269626f75
5) matched: 12:55: <b>Too Much Love</b> | <i>Get Well Soon</i>
 1: 12:55  31323a3535
 2: Too Much Love  546f6f204d756368204c6f7665
 3: Get Well Soon  4765742057656c6c20536f6f6e
6) matched: 13:03: <b>Old Skool</b> | <i>Metronomy</i>
 1: 13:03  31333a3033
 2: Old Skool  4f6c6420536b6f6f6c
 3: Metronomy  4d6574726f6e6f6d79
---------------------------------------------------------------------
Playtime-Analyse:
---------------------------------------------------------------------
1) Spielzeit: 12:39, Tageszeit: 13:20, Spieldatum: 2016-09-11.
Hi!
#####################################################################
Aktuelle Zeit: 11.09.2016 13:21
Dateiname    : main.3
Dateistempel : Sun, 11 Sep 2016 13:06:26 +0200
#####################################################################
Match-Analyse:
---------------------------------------------------------------------
1) matched: 12:39: <b> Sinhá Pureza</b> | <i>Pinduca</i>
 1: 12:39  31323a3339
 2:  Sinhá Pureza  2053696e68c3a120507572657a61
 3: Pinduca  50696e64756361
2) matched: 12:42: <b>Snoopies</b> | <i>De La Soul / David Byrne</i>
 1: 12:42  31323a3432
 2: Snoopies  536e6f6f70696573
 3: De La Soul / David Byrne  4465204c6120536f756c202f204461766964204279726e65
3) matched: 12:46: <b>Down With It</b> | <i>Robb</i>
 1: 12:46  31323a3436
 2: Down With It  446f776e2057697468204974
 3: Robb  526f6262
4) matched: 12:50: <b>Sun (giuliodj Remix)</b> | <i>Caribou</i>
 1: 12:50  31323a3530
 2: Sun (giuliodj Remix)  53756e20286769756c696f646a2052656d697829
 3: Caribou  43617269626f75
5) matched: 12:55: <b>Too Much Love</b> | <i>Get Well Soon</i>
 1: 12:55  31323a3535
 2: Too Much Love  546f6f204d756368204c6f7665
 3: Get Well Soon  4765742057656c6c20536f6f6e
6) matched: 13:03: <b>Old Skool</b> | <i>Metronomy</i>
 1: 13:03  31333a3033
 2: Old Skool  4f6c6420536b6f6f6c
 3: Metronomy  4d6574726f6e6f6d79
---------------------------------------------------------------------
Playtime-Analyse:
---------------------------------------------------------------------
1) Spielzeit: 12:39, Tageszeit: 13:21, Spieldatum: 2016-09-11.
Query insert into playtime set zeit='2016-09-11 12:39:00' failed. 
Hi!
#####################################################################
Aktuelle Zeit: 11.09.2016 13:23
Dateiname    : main.3
Dateistempel : Sun, 11 Sep 2016 13:06:26 +0200
#####################################################################
Match-Analyse:
---------------------------------------------------------------------
1) matched: 12:39: <b> Sinhá Pureza</b> | <i>Pinduca</i>
 1: 12:39  31323a3339
 2:  Sinhá Pureza  2053696e68c3a120507572657a61
 3: Pinduca  50696e64756361
2) matched: 12:42: <b>Snoopies</b> | <i>De La Soul / David Byrne</i>
 1: 12:42  31323a3432
 2: Snoopies  536e6f6f70696573
 3: De La Soul / David Byrne  4465204c6120536f756c202f204461766964204279726e65
3) matched: 12:46: <b>Down With It</b> | <i>Robb</i>
 1: 12:46  31323a3436
 2: Down With It  446f776e2057697468204974
 3: Robb  526f6262
4) matched: 12:50: <b>Sun (giuliodj Remix)</b> | <i>Caribou</i>
 1: 12:50  31323a3530
 2: Sun (giuliodj Remix)  53756e20286769756c696f646a2052656d697829
 3: Caribou  43617269626f75
5) matched: 12:55: <b>Too Much Love</b> | <i>Get Well Soon</i>
 1: 12:55  31323a3535
 2: Too Much Love  546f6f204d756368204c6f7665
 3: Get Well Soon  4765742057656c6c20536f6f6e
6) matched: 13:03: <b>Old Skool</b> | <i>Metronomy</i>
 1: 13:03  31333a3033
 2: Old Skool  4f6c6420536b6f6f6c
 3: Metronomy  4d6574726f6e6f6d79
---------------------------------------------------------------------
Playtime-Analyse:
---------------------------------------------------------------------
1) Spielzeit: 12:39, Tageszeit: 13:23, Spieldatum: 2016-09-11.
Query insert into playtime set zeit='2016-09-11 12:39:00' failed. Field 'track' doesn't have a default value
Hi!
#####################################################################
Aktuelle Zeit: 11.09.2016 13:28
Dateiname    : main.3
Dateistempel : Sun, 11 Sep 2016 13:06:26 +0200
#####################################################################
Match-Analyse:
---------------------------------------------------------------------
1) matched: 12:39: <b> Sinhá Pureza</b> | <i>Pinduca</i>
 1: 12:39  31323a3339
 2:  Sinhá Pureza  2053696e68c3a120507572657a61
 3: Pinduca  50696e64756361
2) matched: 12:42: <b>Snoopies</b> | <i>De La Soul / David Byrne</i>
 1: 12:42  31323a3432
 2: Snoopies  536e6f6f70696573
 3: De La Soul / David Byrne  4465204c6120536f756c202f204461766964204279726e65
3) matched: 12:46: <b>Down With It</b> | <i>Robb</i>
 1: 12:46  31323a3436
 2: Down With It  446f776e2057697468204974
 3: Robb  526f6262
4) matched: 12:50: <b>Sun (giuliodj Remix)</b> | <i>Caribou</i>
 1: 12:50  31323a3530
 2: Sun (giuliodj Remix)  53756e20286769756c696f646a2052656d697829
 3: Caribou  43617269626f75
5) matched: 12:55: <b>Too Much Love</b> | <i>Get Well Soon</i>
 1: 12:55  31323a3535
 2: Too Much Love  546f6f204d756368204c6f7665
 3: Get Well Soon  4765742057656c6c20536f6f6e
6) matched: 13:03: <b>Old Skool</b> | <i>Metronomy</i>
 1: 13:03  31333a3033
 2: Old Skool  4f6c6420536b6f6f6c
 3: Metronomy  4d6574726f6e6f6d79
---------------------------------------------------------------------
Playtime-Analyse:
---------------------------------------------------------------------
1) Spielzeit: 12:39, Tageszeit: 13:29, Spieldatum: 2016-09-11.
Query insert into playtime set zeit='2016-09-11 12:39:00', track=null failed. Column 'track' cannot be null
Hi!
#####################################################################
Aktuelle Zeit: 11.09.2016 13:34
Dateiname    : main.3
Dateistempel : Sun, 11 Sep 2016 13:06:26 +0200
#####################################################################
Match-Analyse:
---------------------------------------------------------------------
1) matched: 12:39: <b> Sinhá Pureza</b> | <i>Pinduca</i>
 1: 12:39  31323a3339
 2:  Sinhá Pureza  2053696e68c3a120507572657a61
 3: Pinduca  50696e64756361
2) matched: 12:42: <b>Snoopies</b> | <i>De La Soul / David Byrne</i>
 1: 12:42  31323a3432
 2: Snoopies  536e6f6f70696573
 3: De La Soul / David Byrne  4465204c6120536f756c202f204461766964204279726e65
3) matched: 12:46: <b>Down With It</b> | <i>Robb</i>
 1: 12:46  31323a3436
 2: Down With It  446f776e2057697468204974
 3: Robb  526f6262
4) matched: 12:50: <b>Sun (giuliodj Remix)</b> | <i>Caribou</i>
 1: 12:50  31323a3530
 2: Sun (giuliodj Remix)  53756e20286769756c696f646a2052656d697829
 3: Caribou  43617269626f75
5) matched: 12:55: <b>Too Much Love</b> | <i>Get Well Soon</i>
 1: 12:55  31323a3535
 2: Too Much Love  546f6f204d756368204c6f7665
 3: Get Well Soon  4765742057656c6c20536f6f6e
6) matched: 13:03: <b>Old Skool</b> | <i>Metronomy</i>
 1: 13:03  31333a3033
 2: Old Skool  4f6c6420536b6f6f6c
 3: Metronomy  4d6574726f6e6f6d79
---------------------------------------------------------------------
Playtime-Analyse:
---------------------------------------------------------------------
1) Spielzeit: 12:39, Tageszeit: 13:34, Spieldatum: 2016-09-11. --> Neue Playtime: 2016-09-11 12:39:00
 2016-09-11 12:39:00 / 779757: NEU id_playtime: 779757
 2016-09-11 12:39:00 / 779757: TRACK ANALYSE: Title (match-2):|>| Sinhá Pureza|<|, Interpret (match-3):|>|Pinduca|<|
 2016-09-11 12:39:00 / 779757 SWITCH: Title (match-3):|>|Pinduca|<|, Interpret (match-2):|>| Sinhá Pureza|<|
 2016-09-11 12:39:00 / 779757: STRIPPED: Title:|>||<|, Interpret:|>||<|
Hi!
#####################################################################
Aktuelle Zeit: 11.09.2016 13:40
Dateiname    : main.3
Dateistempel : Sun, 11 Sep 2016 13:06:26 +0200
#####################################################################
Match-Analyse:
---------------------------------------------------------------------
1) matched: 12:39: <b> Sinhá Pureza</b> | <i>Pinduca</i>
 1: 12:39  31323a3339
 2:  Sinhá Pureza  2053696e68c3a120507572657a61
 3: Pinduca  50696e64756361
2) matched: 12:42: <b>Snoopies</b> | <i>De La Soul / David Byrne</i>
 1: 12:42  31323a3432
 2: Snoopies  536e6f6f70696573
 3: De La Soul / David Byrne  4465204c6120536f756c202f204461766964204279726e65
3) matched: 12:46: <b>Down With It</b> | <i>Robb</i>
 1: 12:46  31323a3436
 2: Down With It  446f776e2057697468204974
 3: Robb  526f6262
4) matched: 12:50: <b>Sun (giuliodj Remix)</b> | <i>Caribou</i>
 1: 12:50  31323a3530
 2: Sun (giuliodj Remix)  53756e20286769756c696f646a2052656d697829
 3: Caribou  43617269626f75
5) matched: 12:55: <b>Too Much Love</b> | <i>Get Well Soon</i>
 1: 12:55  31323a3535
 2: Too Much Love  546f6f204d756368204c6f7665
 3: Get Well Soon  4765742057656c6c20536f6f6e
6) matched: 13:03: <b>Old Skool</b> | <i>Metronomy</i>
 1: 13:03  31333a3033
 2: Old Skool  4f6c6420536b6f6f6c
 3: Metronomy  4d6574726f6e6f6d79
---------------------------------------------------------------------
Playtime-Analyse:
---------------------------------------------------------------------
1) Spielzeit: 12:39, Tageszeit: 13:40, Spieldatum: 2016-09-11. --> Alte Playtime: 2016-09-11 12:39:00.
2) Spielzeit: 12:42, Tageszeit: 13:40, Spieldatum: 2016-09-11. --> Neue Playtime: 2016-09-11 12:42:00
 2016-09-11 12:42:00 / 779758: NEU id_playtime: 779758
 2016-09-11 12:42:00 / 779758: TRACK ANALYSE: Title (match-2):|>|Snoopies|<|, Interpret (match-3):|>|De La Soul / David Byrne|<|
 2016-09-11 12:42:00 / 779758: STRIPPED: Title:|>|Snoopies|<|, Interpret:|>|De La Soul / David Byrne|<|
 2016-09-11 12:42:00 / 779758: Neuer Track: 27935 Title:|>|Snoopies|<|, Interpret:|>|De La Soul / David Byrne|<|, Count:1
3) Spielzeit: 12:46, Tageszeit: 13:44, Spieldatum: 2016-09-11. --> Neue Playtime: 2016-09-11 12:46:00
 2016-09-11 12:46:00 / 779759: NEU id_playtime: 779759
 2016-09-11 12:46:00 / 779759: TRACK ANALYSE: Title (match-2):|>|Down With It|<|, Interpret (match-3):|>|Robb|<|
 2016-09-11 12:46:00 / 779759: STRIPPED: Title:|>|Down With It|<|, Interpret:|>|Robb|<|
 2016-09-11 12:46:00 / 779759: Neuer Track: 27936 Title:|>|Down With It|<|, Interpret:|>|Robb|<|, Count:1
4) Spielzeit: 12:50, Tageszeit: 13:44, Spieldatum: 2016-09-11. --> Neue Playtime: 2016-09-11 12:50:00
 2016-09-11 12:50:00 / 779760: NEU id_playtime: 779760
 2016-09-11 12:50:00 / 779760: TRACK ANALYSE: Title (match-2):|>|Sun (giuliodj Remix)|<|, Interpret (match-3):|>|Caribou|<|
 2016-09-11 12:50:00 / 779760: STRIPPED: Title:|>|Sun (giuliodj Remix)|<|, Interpret:|>|Caribou|<|
 2016-09-11 12:50:00 / 779760: Bekannter Track: 13913 Title:|>|Sun (giuliodj Remix)|<|, Interpret:|>|Caribou|<|, Count:24
5) Spielzeit: 12:55, Tageszeit: 13:44, Spieldatum: 2016-09-11. --> Neue Playtime: 2016-09-11 12:55:00
 2016-09-11 12:55:00 / 779761: NEU id_playtime: 779761
 2016-09-11 12:55:00 / 779761: TRACK ANALYSE: Title (match-2):|>|Too Much Love|<|, Interpret (match-3):|>|Get Well Soon|<|
 2016-09-11 12:55:00 / 779761: STRIPPED: Title:|>|Too Much Love|<|, Interpret:|>|Get Well Soon|<|
 2016-09-11 12:55:00 / 779761: Neuer Track: 27937 Title:|>|Too Much Love|<|, Interpret:|>|Get Well Soon|<|, Count:1
6) Spielzeit: 13:03, Tageszeit: 13:45, Spieldatum: 2016-09-11. --> Neue Playtime: 2016-09-11 13:03:00
 2016-09-11 13:03:00 / 779762: NEU id_playtime: 779762
 2016-09-11 13:03:00 / 779762: TRACK ANALYSE: Title (match-2):|>|Old Skool|<|, Interpret (match-3):|>|Metronomy|<|
 2016-09-11 13:03:00 / 779762: STRIPPED: Title:|>|Old Skool|<|, Interpret:|>|Metronomy|<|
 2016-09-11 13:03:00 / 779762: Neuer Track: 27938 Title:|>|Old Skool|<|, Interpret:|>|Metronomy|<|, Count:1
#####################################################################
Aktuelle Zeit: 11.09.2016 13:45
Dateiname    : main.2
Dateistempel : Sun, 11 Sep 2016 13:03:50 +0200
#####################################################################
Match-Analyse:
---------------------------------------------------------------------
1) matched: 12:36: <b> Superstition</b> | <i>Mel Torme</i>
 1: 12:36  31323a3336
 2:  Superstition  20537570657273746974696f6e
 3: Mel Torme  4d656c20546f726d65
2) matched: 12:39: <b> Sinhá Pureza</b> | <i>Pinduca</i>
 1: 12:39  31323a3339
 2:  Sinhá Pureza  2053696e68c3a120507572657a61
 3: Pinduca  50696e64756361
3) matched: 12:42: <b>Snoopies</b> | <i>De La Soul / David Byrne</i>
 1: 12:42  31323a3432
 2: Snoopies  536e6f6f70696573
 3: De La Soul / David Byrne  4465204c6120536f756c202f204461766964204279726e65
4) matched: 12:46: <b>Down With It</b> | <i>Robb</i>
 1: 12:46  31323a3436
 2: Down With It  446f776e2057697468204974
 3: Robb  526f6262
5) matched: 12:50: <b>Sun (giuliodj Remix)</b> | <i>Caribou</i>
 1: 12:50  31323a3530
 2: Sun (giuliodj Remix)  53756e20286769756c696f646a2052656d697829
 3: Caribou  43617269626f75
6) matched: 12:55: <b>Too Much Love</b> | <i>Get Well Soon</i>
 1: 12:55  31323a3535
 2: Too Much Love  546f6f204d756368204c6f7665
 3: Get Well Soon  4765742057656c6c20536f6f6e
---------------------------------------------------------------------
Playtime-Analyse:
---------------------------------------------------------------------
1) Spielzeit: 12:36, Tageszeit: 13:45, Spieldatum: 2016-09-11. --> Neue Playtime: 2016-09-11 12:36:00
 2016-09-11 12:36:00 / 779763: NEU id_playtime: 779763
 2016-09-11 12:36:00 / 779763: TRACK ANALYSE: Title (match-2):|>| Superstition|<|, Interpret (match-3):|>|Mel Torme|<|
 2016-09-11 12:36:00 / 779763 SWITCH: Title (match-3):|>|Mel Torme|<|, Interpret (match-2):|>| Superstition|<|
 2016-09-11 12:36:00 / 779763: STRIPPED: Title:|>|Mel Torme|<|, Interpret:|>|Superstition|<|
 2016-09-11 12:36:00 / 779763: Neuer Track: 27939 Title:|>|Mel Torme|<|, Interpret:|>|Superstition|<|, Count:1
2) Spielzeit: 12:39, Tageszeit: 13:45, Spieldatum: 2016-09-11. --> Alte Playtime: 2016-09-11 12:39:00.
3) Spielzeit: 12:42, Tageszeit: 13:45, Spieldatum: 2016-09-11. --> Alte Playtime: 2016-09-11 12:42:00.
4) Spielzeit: 12:46, Tageszeit: 13:45, Spieldatum: 2016-09-11. --> Alte Playtime: 2016-09-11 12:46:00.
5) Spielzeit: 12:50, Tageszeit: 13:45, Spieldatum: 2016-09-11. --> Alte Playtime: 2016-09-11 12:50:00.
6) Spielzeit: 12:55, Tageszeit: 13:45, Spieldatum: 2016-09-11. --> Alte Playtime: 2016-09-11 12:55:00.
#####################################################################
Aktuelle Zeit: 11.09.2016 13:45
Dateiname    : main.4
Dateistempel : Sun, 11 Sep 2016 13:07:59 +0200
#####################################################################
Match-Analyse:
---------------------------------------------------------------------
1) matched: 12:42: <b>Snoopies</b> | <i>De La Soul / David Byrne</i>
 1: 12:42  31323a3432
 2: Snoopies  536e6f6f70696573
 3: De La Soul / David Byrne  4465204c6120536f756c202f204461766964204279726e65
2) matched: 12:46: <b>Down With It</b> | <i>Robb</i>
 1: 12:46  31323a3436
 2: Down With It  446f776e2057697468204974
 3: Robb  526f6262
3) matched: 12:50: <b>Sun (giuliodj Remix)</b> | <i>Caribou</i>
 1: 12:50  31323a3530
 2: Sun (giuliodj Remix)  53756e20286769756c696f646a2052656d697829
 3: Caribou  43617269626f75
4) matched: 12:55: <b>Too Much Love</b> | <i>Get Well Soon</i>
 1: 12:55  31323a3535
 2: Too Much Love  546f6f204d756368204c6f7665
 3: Get Well Soon  4765742057656c6c20536f6f6e
5) matched: 13:03: <b>Old Skool</b> | <i>Metronomy</i>
 1: 13:03  31333a3033
 2: Old Skool  4f6c6420536b6f6f6c
 3: Metronomy  4d6574726f6e6f6d79
6) matched: 13:06: <b>A Way</b> | <i>Siren</i>
 1: 13:06  31333a3036
 2: A Way  4120576179
 3: Siren  536972656e
---------------------------------------------------------------------
Playtime-Analyse:
---------------------------------------------------------------------
1) Spielzeit: 12:42, Tageszeit: 13:45, Spieldatum: 2016-09-11. --> Alte Playtime: 2016-09-11 12:42:00.
2) Spielzeit: 12:46, Tageszeit: 13:45, Spieldatum: 2016-09-11. --> Alte Playtime: 2016-09-11 12:46:00.
3) Spielzeit: 12:50, Tageszeit: 13:45, Spieldatum: 2016-09-11. --> Alte Playtime: 2016-09-11 12:50:00.
4) Spielzeit: 12:55, Tageszeit: 13:45, Spieldatum: 2016-09-11. --> Alte Playtime: 2016-09-11 12:55:00.
5) Spielzeit: 13:03, Tageszeit: 13:45, Spieldatum: 2016-09-11. --> Alte Playtime: 2016-09-11 13:03:00.
6) Spielzeit: 13:06, Tageszeit: 13:45, Spieldatum: 2016-09-11. --> Neue Playtime: 2016-09-11 13:06:00
 2016-09-11 13:06:00 / 779764: NEU id_playtime: 779764
 2016-09-11 13:06:00 / 779764: TRACK ANALYSE: Title (match-2):|>|A Way|<|, Interpret (match-3):|>|Siren|<|
 2016-09-11 13:06:00 / 779764: STRIPPED: Title:|>|A Way|<|, Interpret:|>|Siren|<|
 2016-09-11 13:06:00 / 779764: Neuer Track: 27940 Title:|>|A Way|<|, Interpret:|>|Siren|<|, Count:1
#####################################################################
Aktuelle Zeit: 11.09.2016 13:45
Dateiname    : main.9
Dateistempel : Sun, 11 Sep 2016 13:34:02 +0200
#####################################################################
Match-Analyse:
---------------------------------------------------------------------
1) matched: 13:11: <b>A Summer Song</b> | <i>Conner Youngblood</i>
 1: 13:11  31333a3131
 2: A Summer Song  412053756d6d657220536f6e67
 3: Conner Youngblood  436f6e6e657220596f756e67626c6f6f64
2) matched: 13:15: <b>Together</b> | <i>Kaytranada / Aluna George / Goldlink</i>
 1: 13:15  31333a3135
 2: Together  546f676574686572
 3: Kaytranada / Aluna George / Goldlink  4b61797472616e616461202f20416c756e612047656f726765202f20476f6c646c696e6b
3) matched: 13:18: <b>Action</b> | <i>Cassius / Cat Power / Mike D</i>
 1: 13:18  31333a3138
 2: Action  416374696f6e
 3: Cassius / Cat Power / Mike D  43617373697573202f2043617420506f776572202f204d696b652044
4) matched: 13:26: <b>Waste A Moment</b> | <i>Kings Of Leon</i>
 1: 13:26  31333a3236
 2: Waste A Moment  57617374652041204d6f6d656e74
 3: Kings Of Leon  4b696e6773204f66204c656f6e
5) matched: 13:29: <b>Stich</b> | <i>Brenk / Fid Mella</i>
 1: 13:29  31333a3239
 2: Stich  5374696368
 3: Brenk / Fid Mella  4272656e6b202f20466964204d656c6c61
6) matched: 13:33: <b>Big Cat</b> | <i>Wild Beasts</i>
 1: 13:33  31333a3333
 2: Big Cat  42696720436174
 3: Wild Beasts  57696c6420426561737473
---------------------------------------------------------------------
Playtime-Analyse:
---------------------------------------------------------------------
1) Spielzeit: 13:11, Tageszeit: 13:45, Spieldatum: 2016-09-11. --> Neue Playtime: 2016-09-11 13:11:00
 2016-09-11 13:11:00 / 779765: NEU id_playtime: 779765
 2016-09-11 13:11:00 / 779765: TRACK ANALYSE: Title (match-2):|>|A Summer Song|<|, Interpret (match-3):|>|Conner Youngblood|<|
 2016-09-11 13:11:00 / 779765: STRIPPED: Title:|>|A Summer Song|<|, Interpret:|>|Conner Youngblood|<|
 2016-09-11 13:11:00 / 779765: Neuer Track: 27941 Title:|>|A Summer Song|<|, Interpret:|>|Conner Youngblood|<|, Count:1
2) Spielzeit: 13:15, Tageszeit: 13:45, Spieldatum: 2016-09-11. --> Neue Playtime: 2016-09-11 13:15:00
 2016-09-11 13:15:00 / 779766: NEU id_playtime: 779766
 2016-09-11 13:15:00 / 779766: TRACK ANALYSE: Title (match-2):|>|Together|<|, Interpret (match-3):|>|Kaytranada / Aluna George / Goldlink|<|
 2016-09-11 13:15:00 / 779766: STRIPPED: Title:|>|Together|<|, Interpret:|>|Kaytranada / Aluna George / Goldlink|<|
 2016-09-11 13:15:00 / 779766: Neuer Track: 27942 Title:|>|Together|<|, Interpret:|>|Kaytranada / Aluna George / Goldlink|<|, Count:1
3) Spielzeit: 13:18, Tageszeit: 13:45, Spieldatum: 2016-09-11. --> Neue Playtime: 2016-09-11 13:18:00
 2016-09-11 13:18:00 / 779767: NEU id_playtime: 779767
 2016-09-11 13:18:00 / 779767: TRACK ANALYSE: Title (match-2):|>|Action|<|, Interpret (match-3):|>|Cassius / Cat Power / Mike D|<|
 2016-09-11 13:18:00 / 779767: STRIPPED: Title:|>|Action|<|, Interpret:|>|Cassius / Cat Power / Mike D|<|
 2016-09-11 13:18:00 / 779767: Neuer Track: 27943 Title:|>|Action|<|, Interpret:|>|Cassius / Cat Power / Mike D|<|, Count:1
4) Spielzeit: 13:26, Tageszeit: 13:45, Spieldatum: 2016-09-11. --> Neue Playtime: 2016-09-11 13:26:00
 2016-09-11 13:26:00 / 779768: NEU id_playtime: 779768
 2016-09-11 13:26:00 / 779768: TRACK ANALYSE: Title (match-2):|>|Waste A Moment|<|, Interpret (match-3):|>|Kings Of Leon|<|
 2016-09-11 13:26:00 / 779768: STRIPPED: Title:|>|Waste A Moment|<|, Interpret:|>|Kings Of Leon|<|
 2016-09-11 13:26:00 / 779768: Neuer Track: 27944 Title:|>|Waste A Moment|<|, Interpret:|>|Kings Of Leon|<|, Count:1
5) Spielzeit: 13:29, Tageszeit: 13:45, Spieldatum: 2016-09-11. --> Neue Playtime: 2016-09-11 13:29:00
 2016-09-11 13:29:00 / 779769: NEU id_playtime: 779769
 2016-09-11 13:29:00 / 779769: TRACK ANALYSE: Title (match-2):|>|Stich|<|, Interpret (match-3):|>|Brenk / Fid Mella|<|
 2016-09-11 13:29:00 / 779769: STRIPPED: Title:|>|Stich|<|, Interpret:|>|Brenk / Fid Mella|<|
 2016-09-11 13:29:00 / 779769: Neuer Track: 27945 Title:|>|Stich|<|, Interpret:|>|Brenk / Fid Mella|<|, Count:1
6) Spielzeit: 13:33, Tageszeit: 13:45, Spieldatum: 2016-09-11. --> Neue Playtime: 2016-09-11 13:33:00
 2016-09-11 13:33:00 / 779770: NEU id_playtime: 779770
 2016-09-11 13:33:00 / 779770: TRACK ANALYSE: Title (match-2):|>|Big Cat|<|, Interpret (match-3):|>|Wild Beasts|<|
 2016-09-11 13:33:00 / 779770: STRIPPED: Title:|>|Big Cat|<|, Interpret:|>|Wild Beasts|<|
 2016-09-11 13:33:00 / 779770: Neuer Track: 27946 Title:|>|Big Cat|<|, Interpret:|>|Wild Beasts|<|, Count:1
#####################################################################
Aktuelle Zeit: 11.09.2016 13:45
Dateiname    : main.1
Dateistempel : Sun, 11 Sep 2016 12:59:20 +0200
#####################################################################
Match-Analyse:
---------------------------------------------------------------------
1) matched: 12:36: <b> Superstition</b> | <i>Mel Torme</i>
 1: 12:36  31323a3336
 2:  Superstition  20537570657273746974696f6e
 3: Mel Torme  4d656c20546f726d65
2) matched: 12:39: <b> Sinhá Pureza</b> | <i>Pinduca</i>
 1: 12:39  31323a3339
 2:  Sinhá Pureza  2053696e68c3a120507572657a61
 3: Pinduca  50696e64756361
3) matched: 12:42: <b>Snoopies</b> | <i>De La Soul / David Byrne</i>
 1: 12:42  31323a3432
 2: Snoopies  536e6f6f70696573
 3: De La Soul / David Byrne  4465204c6120536f756c202f204461766964204279726e65
4) matched: 12:46: <b>Down With It</b> | <i>Robb</i>
 1: 12:46  31323a3436
 2: Down With It  446f776e2057697468204974
 3: Robb  526f6262
5) matched: 12:50: <b>Sun (giuliodj Remix)</b> | <i>Caribou</i>
 1: 12:50  31323a3530
 2: Sun (giuliodj Remix)  53756e20286769756c696f646a2052656d697829
 3: Caribou  43617269626f75
6) matched: 12:55: <b>Too Much Love</b> | <i>Get Well Soon</i>
 1: 12:55  31323a3535
 2: Too Much Love  546f6f204d756368204c6f7665
 3: Get Well Soon  4765742057656c6c20536f6f6e
---------------------------------------------------------------------
Playtime-Analyse:
---------------------------------------------------------------------
1) Spielzeit: 12:36, Tageszeit: 13:45, Spieldatum: 2016-09-11. --> Alte Playtime: 2016-09-11 12:36:00.
2) Spielzeit: 12:39, Tageszeit: 13:45, Spieldatum: 2016-09-11. --> Alte Playtime: 2016-09-11 12:39:00.
3) Spielzeit: 12:42, Tageszeit: 13:45, Spieldatum: 2016-09-11. --> Alte Playtime: 2016-09-11 12:42:00.
4) Spielzeit: 12:46, Tageszeit: 13:45, Spieldatum: 2016-09-11. --> Alte Playtime: 2016-09-11 12:46:00.
5) Spielzeit: 12:50, Tageszeit: 13:45, Spieldatum: 2016-09-11. --> Alte Playtime: 2016-09-11 12:50:00.
6) Spielzeit: 12:55, Tageszeit: 13:45, Spieldatum: 2016-09-11. --> Alte Playtime: 2016-09-11 12:55:00.
#####################################################################
Aktuelle Zeit: 11.09.2016 13:45
Dateiname    : main.5
Dateistempel : Sun, 11 Sep 2016 13:19:50 +0200
#####################################################################
Match-Analyse:
---------------------------------------------------------------------
1) matched: 12:55: <b>Too Much Love</b> | <i>Get Well Soon</i>
 1: 12:55  31323a3535
 2: Too Much Love  546f6f204d756368204c6f7665
 3: Get Well Soon  4765742057656c6c20536f6f6e
2) matched: 13:03: <b>Old Skool</b> | <i>Metronomy</i>
 1: 13:03  31333a3033
 2: Old Skool  4f6c6420536b6f6f6c
 3: Metronomy  4d6574726f6e6f6d79
3) matched: 13:06: <b>A Way</b> | <i>Siren</i>
 1: 13:06  31333a3036
 2: A Way  4120576179
 3: Siren  536972656e
4) matched: 13:11: <b>A Summer Song</b> | <i>Conner Youngblood</i>
 1: 13:11  31333a3131
 2: A Summer Song  412053756d6d657220536f6e67
 3: Conner Youngblood  436f6e6e657220596f756e67626c6f6f64
5) matched: 13:15: <b>Together</b> | <i>Kaytranada / Aluna George / Goldlink</i>
 1: 13:15  31333a3135
 2: Together  546f676574686572
 3: Kaytranada / Aluna George / Goldlink  4b61797472616e616461202f20416c756e612047656f726765202f20476f6c646c696e6b
6) matched: 13:18: <b>Action</b> | <i>Cassius / Cat Power / Mike D</i>
 1: 13:18  31333a3138
 2: Action  416374696f6e
 3: Cassius / Cat Power / Mike D  43617373697573202f2043617420506f776572202f204d696b652044
---------------------------------------------------------------------
Playtime-Analyse:
---------------------------------------------------------------------
1) Spielzeit: 12:55, Tageszeit: 13:45, Spieldatum: 2016-09-11. --> Alte Playtime: 2016-09-11 12:55:00.
2) Spielzeit: 13:03, Tageszeit: 13:45, Spieldatum: 2016-09-11. --> Alte Playtime: 2016-09-11 13:03:00.
3) Spielzeit: 13:06, Tageszeit: 13:45, Spieldatum: 2016-09-11. --> Alte Playtime: 2016-09-11 13:06:00.
4) Spielzeit: 13:11, Tageszeit: 13:45, Spieldatum: 2016-09-11. --> Alte Playtime: 2016-09-11 13:11:00.
5) Spielzeit: 13:15, Tageszeit: 13:45, Spieldatum: 2016-09-11. --> Alte Playtime: 2016-09-11 13:15:00.
6) Spielzeit: 13:18, Tageszeit: 13:45, Spieldatum: 2016-09-11. --> Alte Playtime: 2016-09-11 13:18:00.
#####################################################################
Aktuelle Zeit: 11.09.2016 13:45
Dateiname    : main.7
Dateistempel : Sun, 11 Sep 2016 13:23:25 +0200
#####################################################################
Match-Analyse:
---------------------------------------------------------------------
1) matched: 12:55: <b>Too Much Love</b> | <i>Get Well Soon</i>
 1: 12:55  31323a3535
 2: Too Much Love  546f6f204d756368204c6f7665
 3: Get Well Soon  4765742057656c6c20536f6f6e
2) matched: 13:03: <b>Old Skool</b> | <i>Metronomy</i>
 1: 13:03  31333a3033
 2: Old Skool  4f6c6420536b6f6f6c
 3: Metronomy  4d6574726f6e6f6d79
3) matched: 13:06: <b>A Way</b> | <i>Siren</i>
 1: 13:06  31333a3036
 2: A Way  4120576179
 3: Siren  536972656e
4) matched: 13:11: <b>A Summer Song</b> | <i>Conner Youngblood</i>
 1: 13:11  31333a3131
 2: A Summer Song  412053756d6d657220536f6e67
 3: Conner Youngblood  436f6e6e657220596f756e67626c6f6f64
5) matched: 13:15: <b>Together</b> | <i>Kaytranada / Aluna George / Goldlink</i>
 1: 13:15  31333a3135
 2: Together  546f676574686572
 3: Kaytranada / Aluna George / Goldlink  4b61797472616e616461202f20416c756e612047656f726765202f20476f6c646c696e6b
6) matched: 13:18: <b>Action</b> | <i>Cassius / Cat Power / Mike D</i>
 1: 13:18  31333a3138
 2: Action  416374696f6e
 3: Cassius / Cat Power / Mike D  43617373697573202f2043617420506f776572202f204d696b652044
---------------------------------------------------------------------
12:55Too Much LoveGet Well Soon13:03Old SkoolMetronomy13:06A WaySiren13:11A Summer SongConner Youngblood13:15TogetherKaytranada / Aluna George / Goldlink13:18ActionCassius / Cat Power / Mike D ==>  File gleicht Vorgängerin.
---------------------------------------------------------------------
#####################################################################
Aktuelle Zeit: 11.09.2016 13:45
Dateiname    : main.10
Dateistempel : Sun, 11 Sep 2016 13:40:08 +0200
#####################################################################
Match-Analyse:
---------------------------------------------------------------------
1) matched: 13:15: <b>Together</b> | <i>Kaytranada / Aluna George / Goldlink</i>
 1: 13:15  31333a3135
 2: Together  546f676574686572
 3: Kaytranada / Aluna George / Goldlink  4b61797472616e616461202f20416c756e612047656f726765202f20476f6c646c696e6b
2) matched: 13:18: <b>Action</b> | <i>Cassius / Cat Power / Mike D</i>
 1: 13:18  31333a3138
 2: Action  416374696f6e
 3: Cassius / Cat Power / Mike D  43617373697573202f2043617420506f776572202f204d696b652044
3) matched: 13:26: <b>Waste A Moment</b> | <i>Kings Of Leon</i>
 1: 13:26  31333a3236
 2: Waste A Moment  57617374652041204d6f6d656e74
 3: Kings Of Leon  4b696e6773204f66204c656f6e
4) matched: 13:29: <b>Stich</b> | <i>Brenk / Fid Mella</i>
 1: 13:29  31333a3239
 2: Stich  5374696368
 3: Brenk / Fid Mella  4272656e6b202f20466964204d656c6c61
5) matched: 13:33: <b>Big Cat</b> | <i>Wild Beasts</i>
 1: 13:33  31333a3333
 2: Big Cat  42696720436174
 3: Wild Beasts  57696c6420426561737473
6) matched: 13:36: <b>Malibu</b> | <i>Hole</i>
 1: 13:36  31333a3336
 2: Malibu  4d616c696275
 3: Hole  486f6c65
---------------------------------------------------------------------
Playtime-Analyse:
---------------------------------------------------------------------
1) Spielzeit: 13:15, Tageszeit: 13:45, Spieldatum: 2016-09-11. --> Alte Playtime: 2016-09-11 13:15:00.
2) Spielzeit: 13:18, Tageszeit: 13:45, Spieldatum: 2016-09-11. --> Alte Playtime: 2016-09-11 13:18:00.
3) Spielzeit: 13:26, Tageszeit: 13:45, Spieldatum: 2016-09-11. --> Alte Playtime: 2016-09-11 13:26:00.
4) Spielzeit: 13:29, Tageszeit: 13:45, Spieldatum: 2016-09-11. --> Alte Playtime: 2016-09-11 13:29:00.
5) Spielzeit: 13:33, Tageszeit: 13:45, Spieldatum: 2016-09-11. --> Alte Playtime: 2016-09-11 13:33:00.
6) Spielzeit: 13:36, Tageszeit: 13:45, Spieldatum: 2016-09-11. --> Neue Playtime: 2016-09-11 13:36:00
 2016-09-11 13:36:00 / 779771: NEU id_playtime: 779771
 2016-09-11 13:36:00 / 779771: TRACK ANALYSE: Title (match-2):|>|Malibu|<|, Interpret (match-3):|>|Hole|<|
 2016-09-11 13:36:00 / 779771: STRIPPED: Title:|>|Malibu|<|, Interpret:|>|Hole|<|
 2016-09-11 13:36:00 / 779771: Bekannter Track: 773 Title:|>|Malibu|<|, Interpret:|>|Hole|<|, Count:80
#####################################################################
Aktuelle Zeit: 11.09.2016 13:45
Dateiname    : main.8
Dateistempel : Sun, 11 Sep 2016 13:28:50 +0200
#####################################################################
Match-Analyse:
---------------------------------------------------------------------
1) matched: 13:03: <b>Old Skool</b> | <i>Metronomy</i>
 1: 13:03  31333a3033
 2: Old Skool  4f6c6420536b6f6f6c
 3: Metronomy  4d6574726f6e6f6d79
2) matched: 13:06: <b>A Way</b> | <i>Siren</i>
 1: 13:06  31333a3036
 2: A Way  4120576179
 3: Siren  536972656e
3) matched: 13:11: <b>A Summer Song</b> | <i>Conner Youngblood</i>
 1: 13:11  31333a3131
 2: A Summer Song  412053756d6d657220536f6e67
 3: Conner Youngblood  436f6e6e657220596f756e67626c6f6f64
4) matched: 13:15: <b>Together</b> | <i>Kaytranada / Aluna George / Goldlink</i>
 1: 13:15  31333a3135
 2: Together  546f676574686572
 3: Kaytranada / Aluna George / Goldlink  4b61797472616e616461202f20416c756e612047656f726765202f20476f6c646c696e6b
5) matched: 13:18: <b>Action</b> | <i>Cassius / Cat Power / Mike D</i>
 1: 13:18  31333a3138
 2: Action  416374696f6e
 3: Cassius / Cat Power / Mike D  43617373697573202f2043617420506f776572202f204d696b652044
6) matched: 13:26: <b>Waste A Moment</b> | <i>Kings Of Leon</i>
 1: 13:26  31333a3236
 2: Waste A Moment  57617374652041204d6f6d656e74
 3: Kings Of Leon  4b696e6773204f66204c656f6e
---------------------------------------------------------------------
Playtime-Analyse:
---------------------------------------------------------------------
1) Spielzeit: 13:03, Tageszeit: 13:45, Spieldatum: 2016-09-11. --> Alte Playtime: 2016-09-11 13:03:00.
2) Spielzeit: 13:06, Tageszeit: 13:45, Spieldatum: 2016-09-11. --> Alte Playtime: 2016-09-11 13:06:00.
3) Spielzeit: 13:11, Tageszeit: 13:45, Spieldatum: 2016-09-11. --> Alte Playtime: 2016-09-11 13:11:00.
4) Spielzeit: 13:15, Tageszeit: 13:45, Spieldatum: 2016-09-11. --> Alte Playtime: 2016-09-11 13:15:00.
5) Spielzeit: 13:18, Tageszeit: 13:45, Spieldatum: 2016-09-11. --> Alte Playtime: 2016-09-11 13:18:00.
6) Spielzeit: 13:26, Tageszeit: 13:45, Spieldatum: 2016-09-11. --> Alte Playtime: 2016-09-11 13:26:00.
#####################################################################
Aktuelle Zeit: 11.09.2016 13:45
Dateiname    : main.6
Dateistempel : Sun, 11 Sep 2016 13:21:05 +0200
#####################################################################
Match-Analyse:
---------------------------------------------------------------------
1) matched: 12:55: <b>Too Much Love</b> | <i>Get Well Soon</i>
 1: 12:55  31323a3535
 2: Too Much Love  546f6f204d756368204c6f7665
 3: Get Well Soon  4765742057656c6c20536f6f6e
2) matched: 13:03: <b>Old Skool</b> | <i>Metronomy</i>
 1: 13:03  31333a3033
 2: Old Skool  4f6c6420536b6f6f6c
 3: Metronomy  4d6574726f6e6f6d79
3) matched: 13:06: <b>A Way</b> | <i>Siren</i>
 1: 13:06  31333a3036
 2: A Way  4120576179
 3: Siren  536972656e
4) matched: 13:11: <b>A Summer Song</b> | <i>Conner Youngblood</i>
 1: 13:11  31333a3131
 2: A Summer Song  412053756d6d657220536f6e67
 3: Conner Youngblood  436f6e6e657220596f756e67626c6f6f64
5) matched: 13:15: <b>Together</b> | <i>Kaytranada / Aluna George / Goldlink</i>
 1: 13:15  31333a3135
 2: Together  546f676574686572
 3: Kaytranada / Aluna George / Goldlink  4b61797472616e616461202f20416c756e612047656f726765202f20476f6c646c696e6b
6) matched: 13:18: <b>Action</b> | <i>Cassius / Cat Power / Mike D</i>
 1: 13:18  31333a3138
 2: Action  416374696f6e
 3: Cassius / Cat Power / Mike D  43617373697573202f2043617420506f776572202f204d696b652044
---------------------------------------------------------------------
Playtime-Analyse:
---------------------------------------------------------------------
1) Spielzeit: 12:55, Tageszeit: 13:45, Spieldatum: 2016-09-11. --> Alte Playtime: 2016-09-11 12:55:00.
2) Spielzeit: 13:03, Tageszeit: 13:45, Spieldatum: 2016-09-11. --> Alte Playtime: 2016-09-11 13:03:00.
3) Spielzeit: 13:06, Tageszeit: 13:45, Spieldatum: 2016-09-11. --> Alte Playtime: 2016-09-11 13:06:00.
4) Spielzeit: 13:11, Tageszeit: 13:45, Spieldatum: 2016-09-11. --> Alte Playtime: 2016-09-11 13:11:00.
5) Spielzeit: 13:15, Tageszeit: 13:45, Spieldatum: 2016-09-11. --> Alte Playtime: 2016-09-11 13:15:00.
6) Spielzeit: 13:18, Tageszeit: 13:45, Spieldatum: 2016-09-11. --> Alte Playtime: 2016-09-11 13:18:00.
#####################################################################
Aktuelle Zeit: 11.09.2016 13:45
Dateiname    : main
Dateistempel : Sun, 11 Sep 2016 12:59:04 +0200
#####################################################################
Match-Analyse:
---------------------------------------------------------------------
1) matched: 12:36: <b> Superstition</b> | <i>Mel Torme</i>
 1: 12:36  31323a3336
 2:  Superstition  20537570657273746974696f6e
 3: Mel Torme  4d656c20546f726d65
2) matched: 12:39: <b> Sinhá Pureza</b> | <i>Pinduca</i>
 1: 12:39  31323a3339
 2:  Sinhá Pureza  2053696e68c3a120507572657a61
 3: Pinduca  50696e64756361
3) matched: 12:42: <b>Snoopies</b> | <i>De La Soul / David Byrne</i>
 1: 12:42  31323a3432
 2: Snoopies  536e6f6f70696573
 3: De La Soul / David Byrne  4465204c6120536f756c202f204461766964204279726e65
4) matched: 12:46: <b>Down With It</b> | <i>Robb</i>
 1: 12:46  31323a3436
 2: Down With It  446f776e2057697468204974
 3: Robb  526f6262
5) matched: 12:50: <b>Sun (giuliodj Remix)</b> | <i>Caribou</i>
 1: 12:50  31323a3530
 2: Sun (giuliodj Remix)  53756e20286769756c696f646a2052656d697829
 3: Caribou  43617269626f75
6) matched: 12:55: <b>Too Much Love</b> | <i>Get Well Soon</i>
 1: 12:55  31323a3535
 2: Too Much Love  546f6f204d756368204c6f7665
 3: Get Well Soon  4765742057656c6c20536f6f6e
---------------------------------------------------------------------
Playtime-Analyse:
---------------------------------------------------------------------
1) Spielzeit: 12:36, Tageszeit: 13:45, Spieldatum: 2016-09-11. --> Alte Playtime: 2016-09-11 12:36:00.
2) Spielzeit: 12:39, Tageszeit: 13:45, Spieldatum: 2016-09-11. --> Alte Playtime: 2016-09-11 12:39:00.
3) Spielzeit: 12:42, Tageszeit: 13:45, Spieldatum: 2016-09-11. --> Alte Playtime: 2016-09-11 12:42:00.
4) Spielzeit: 12:46, Tageszeit: 13:45, Spieldatum: 2016-09-11. --> Alte Playtime: 2016-09-11 12:46:00.
5) Spielzeit: 12:50, Tageszeit: 13:45, Spieldatum: 2016-09-11. --> Alte Playtime: 2016-09-11 12:50:00.
6) Spielzeit: 12:55, Tageszeit: 13:46, Spieldatum: 2016-09-11. --> Alte Playtime: 2016-09-11 12:55:00.
---------------------------------------------------------------------
Finished.
---------------------------------------------------------------------
Hi!
#####################################################################
Aktuelle Zeit: 11.09.2016 13:47
Dateiname    : main.3
Dateistempel : Sun, 11 Sep 2016 13:06:26 +0200
#####################################################################
Match-Analyse:
---------------------------------------------------------------------
1) matched: 12:39: <b> Sinhá Pureza</b> | <i>Pinduca</i>
 1: 12:39  31323a3339
 2:  Sinhá Pureza  2053696e68c3a120507572657a61
 3: Pinduca  50696e64756361
2) matched: 12:42: <b>Snoopies</b> | <i>De La Soul / David Byrne</i>
 1: 12:42  31323a3432
 2: Snoopies  536e6f6f70696573
 3: De La Soul / David Byrne  4465204c6120536f756c202f204461766964204279726e65
3) matched: 12:46: <b>Down With It</b> | <i>Robb</i>
 1: 12:46  31323a3436
 2: Down With It  446f776e2057697468204974
 3: Robb  526f6262
4) matched: 12:50: <b>Sun (giuliodj Remix)</b> | <i>Caribou</i>
 1: 12:50  31323a3530
 2: Sun (giuliodj Remix)  53756e20286769756c696f646a2052656d697829
 3: Caribou  43617269626f75
5) matched: 12:55: <b>Too Much Love</b> | <i>Get Well Soon</i>
 1: 12:55  31323a3535
 2: Too Much Love  546f6f204d756368204c6f7665
 3: Get Well Soon  4765742057656c6c20536f6f6e
6) matched: 13:03: <b>Old Skool</b> | <i>Metronomy</i>
 1: 13:03  31333a3033
 2: Old Skool  4f6c6420536b6f6f6c
 3: Metronomy  4d6574726f6e6f6d79
---------------------------------------------------------------------
Playtime-Analyse:
---------------------------------------------------------------------
1) Spielzeit: 12:39, Tageszeit: 13:47, Spieldatum: 2016-09-11. --> Alte Playtime: 2016-09-11 12:39:00.
2) Spielzeit: 12:42, Tageszeit: 13:47, Spieldatum: 2016-09-11. --> Alte Playtime: 2016-09-11 12:42:00.
3) Spielzeit: 12:46, Tageszeit: 13:47, Spieldatum: 2016-09-11. --> Alte Playtime: 2016-09-11 12:46:00.
4) Spielzeit: 12:50, Tageszeit: 13:47, Spieldatum: 2016-09-11. --> Alte Playtime: 2016-09-11 12:50:00.
5) Spielzeit: 12:55, Tageszeit: 13:47, Spieldatum: 2016-09-11. --> Alte Playtime: 2016-09-11 12:55:00.
6) Spielzeit: 13:03, Tageszeit: 13:47, Spieldatum: 2016-09-11. --> Alte Playtime: 2016-09-11 13:03:00.
#####################################################################
Aktuelle Zeit: 11.09.2016 13:47
Dateiname    : main.11
Dateistempel : Sun, 11 Sep 2016 13:47:45 +0200
#####################################################################
Match-Analyse:
---------------------------------------------------------------------
1) matched: 13:26: <b>Waste A Moment</b> | <i>Kings Of Leon</i>
 1: 13:26  31333a3236
 2: Waste A Moment  57617374652041204d6f6d656e74
 3: Kings Of Leon  4b696e6773204f66204c656f6e
2) matched: 13:29: <b>Stich</b> | <i>Brenk / Fid Mella</i>
 1: 13:29  31333a3239
 2: Stich  5374696368
 3: Brenk / Fid Mella  4272656e6b202f20466964204d656c6c61
3) matched: 13:33: <b>Big Cat</b> | <i>Wild Beasts</i>
 1: 13:33  31333a3333
 2: Big Cat  42696720436174
 3: Wild Beasts  57696c6420426561737473
4) matched: 13:36: <b>Malibu</b> | <i>Hole</i>
 1: 13:36  31333a3336
 2: Malibu  4d616c696275
 3: Hole  486f6c65
5) matched: 13:40: <b>Galapagos</b> | <i>Kakkmaddafakka</i>
 1: 13:40  31333a3430
 2: Galapagos  47616c617061676f73
 3: Kakkmaddafakka  4b616b6b6d6164646166616b6b61
6) matched: 13:43: <b>As We Row</b> | <i>Kytes</i>
 1: 13:43  31333a3433
 2: As We Row  417320576520526f77
 3: Kytes  4b79746573
---------------------------------------------------------------------
Playtime-Analyse:
---------------------------------------------------------------------
1) Spielzeit: 13:26, Tageszeit: 13:47, Spieldatum: 2016-09-11. --> Alte Playtime: 2016-09-11 13:26:00.
2) Spielzeit: 13:29, Tageszeit: 13:47, Spieldatum: 2016-09-11. --> Alte Playtime: 2016-09-11 13:29:00.
3) Spielzeit: 13:33, Tageszeit: 13:47, Spieldatum: 2016-09-11. --> Alte Playtime: 2016-09-11 13:33:00.
4) Spielzeit: 13:36, Tageszeit: 13:47, Spieldatum: 2016-09-11. --> Alte Playtime: 2016-09-11 13:36:00.
5) Spielzeit: 13:40, Tageszeit: 13:47, Spieldatum: 2016-09-11. --> Neue Playtime: 2016-09-11 13:40:00
 2016-09-11 13:40:00 / 779772: NEU id_playtime: 779772
 2016-09-11 13:40:00 / 779772: TRACK ANALYSE: Title (match-2):|>|Galapagos|<|, Interpret (match-3):|>|Kakkmaddafakka|<|
 2016-09-11 13:40:00 / 779772: STRIPPED: Title:|>|Galapagos|<|, Interpret:|>|Kakkmaddafakka|<|
 2016-09-11 13:40:00 / 779772: Neuer Track: 27947 Title:|>|Galapagos|<|, Interpret:|>|Kakkmaddafakka|<|, Count:1
6) Spielzeit: 13:43, Tageszeit: 13:47, Spieldatum: 2016-09-11. --> Neue Playtime: 2016-09-11 13:43:00
 2016-09-11 13:43:00 / 779773: NEU id_playtime: 779773
 2016-09-11 13:43:00 / 779773: TRACK ANALYSE: Title (match-2):|>|As We Row|<|, Interpret (match-3):|>|Kytes|<|
 2016-09-11 13:43:00 / 779773: STRIPPED: Title:|>|As We Row|<|, Interpret:|>|Kytes|<|
 2016-09-11 13:43:00 / 779773: Neuer Track: 27948 Title:|>|As We Row|<|, Interpret:|>|Kytes|<|, Count:1
#####################################################################
Aktuelle Zeit: 11.09.2016 13:47
Dateiname    : main.2
Dateistempel : Sun, 11 Sep 2016 13:03:50 +0200
#####################################################################
Match-Analyse:
---------------------------------------------------------------------
1) matched: 12:36: <b> Superstition</b> | <i>Mel Torme</i>
 1: 12:36  31323a3336
 2:  Superstition  20537570657273746974696f6e
 3: Mel Torme  4d656c20546f726d65
2) matched: 12:39: <b> Sinhá Pureza</b> | <i>Pinduca</i>
 1: 12:39  31323a3339
 2:  Sinhá Pureza  2053696e68c3a120507572657a61
 3: Pinduca  50696e64756361
3) matched: 12:42: <b>Snoopies</b> | <i>De La Soul / David Byrne</i>
 1: 12:42  31323a3432
 2: Snoopies  536e6f6f70696573
 3: De La Soul / David Byrne  4465204c6120536f756c202f204461766964204279726e65
4) matched: 12:46: <b>Down With It</b> | <i>Robb</i>
 1: 12:46  31323a3436
 2: Down With It  446f776e2057697468204974
 3: Robb  526f6262
5) matched: 12:50: <b>Sun (giuliodj Remix)</b> | <i>Caribou</i>
 1: 12:50  31323a3530
 2: Sun (giuliodj Remix)  53756e20286769756c696f646a2052656d697829
 3: Caribou  43617269626f75
6) matched: 12:55: <b>Too Much Love</b> | <i>Get Well Soon</i>
 1: 12:55  31323a3535
 2: Too Much Love  546f6f204d756368204c6f7665
 3: Get Well Soon  4765742057656c6c20536f6f6e
---------------------------------------------------------------------
Playtime-Analyse:
---------------------------------------------------------------------
1) Spielzeit: 12:36, Tageszeit: 13:47, Spieldatum: 2016-09-11. --> Alte Playtime: 2016-09-11 12:36:00.
2) Spielzeit: 12:39, Tageszeit: 13:47, Spieldatum: 2016-09-11. --> Alte Playtime: 2016-09-11 12:39:00.
3) Spielzeit: 12:42, Tageszeit: 13:47, Spieldatum: 2016-09-11. --> Alte Playtime: 2016-09-11 12:42:00.
4) Spielzeit: 12:46, Tageszeit: 13:47, Spieldatum: 2016-09-11. --> Alte Playtime: 2016-09-11 12:46:00.
5) Spielzeit: 12:50, Tageszeit: 13:47, Spieldatum: 2016-09-11. --> Alte Playtime: 2016-09-11 12:50:00.
6) Spielzeit: 12:55, Tageszeit: 13:47, Spieldatum: 2016-09-11. --> Alte Playtime: 2016-09-11 12:55:00.
#####################################################################
Aktuelle Zeit: 11.09.2016 13:47
Dateiname    : main.4
Dateistempel : Sun, 11 Sep 2016 13:07:59 +0200
#####################################################################
Match-Analyse:
---------------------------------------------------------------------
1) matched: 12:42: <b>Snoopies</b> | <i>De La Soul / David Byrne</i>
 1: 12:42  31323a3432
 2: Snoopies  536e6f6f70696573
 3: De La Soul / David Byrne  4465204c6120536f756c202f204461766964204279726e65
2) matched: 12:46: <b>Down With It</b> | <i>Robb</i>
 1: 12:46  31323a3436
 2: Down With It  446f776e2057697468204974
 3: Robb  526f6262
3) matched: 12:50: <b>Sun (giuliodj Remix)</b> | <i>Caribou</i>
 1: 12:50  31323a3530
 2: Sun (giuliodj Remix)  53756e20286769756c696f646a2052656d697829
 3: Caribou  43617269626f75
4) matched: 12:55: <b>Too Much Love</b> | <i>Get Well Soon</i>
 1: 12:55  31323a3535
 2: Too Much Love  546f6f204d756368204c6f7665
 3: Get Well Soon  4765742057656c6c20536f6f6e
5) matched: 13:03: <b>Old Skool</b> | <i>Metronomy</i>
 1: 13:03  31333a3033
 2: Old Skool  4f6c6420536b6f6f6c
 3: Metronomy  4d6574726f6e6f6d79
6) matched: 13:06: <b>A Way</b> | <i>Siren</i>
 1: 13:06  31333a3036
 2: A Way  4120576179
 3: Siren  536972656e
---------------------------------------------------------------------
Playtime-Analyse:
---------------------------------------------------------------------
1) Spielzeit: 12:42, Tageszeit: 13:47, Spieldatum: 2016-09-11. --> Alte Playtime: 2016-09-11 12:42:00.
2) Spielzeit: 12:46, Tageszeit: 13:47, Spieldatum: 2016-09-11. --> Alte Playtime: 2016-09-11 12:46:00.
3) Spielzeit: 12:50, Tageszeit: 13:47, Spieldatum: 2016-09-11. --> Alte Playtime: 2016-09-11 12:50:00.
4) Spielzeit: 12:55, Tageszeit: 13:47, Spieldatum: 2016-09-11. --> Alte Playtime: 2016-09-11 12:55:00.
5) Spielzeit: 13:03, Tageszeit: 13:47, Spieldatum: 2016-09-11. --> Alte Playtime: 2016-09-11 13:03:00.
6) Spielzeit: 13:06, Tageszeit: 13:47, Spieldatum: 2016-09-11. --> Alte Playtime: 2016-09-11 13:06:00.
#####################################################################
Aktuelle Zeit: 11.09.2016 13:47
Dateiname    : main.9
Dateistempel : Sun, 11 Sep 2016 13:34:02 +0200
#####################################################################
Match-Analyse:
---------------------------------------------------------------------
1) matched: 13:11: <b>A Summer Song</b> | <i>Conner Youngblood</i>
 1: 13:11  31333a3131
 2: A Summer Song  412053756d6d657220536f6e67
 3: Conner Youngblood  436f6e6e657220596f756e67626c6f6f64
2) matched: 13:15: <b>Together</b> | <i>Kaytranada / Aluna George / Goldlink</i>
 1: 13:15  31333a3135
 2: Together  546f676574686572
 3: Kaytranada / Aluna George / Goldlink  4b61797472616e616461202f20416c756e612047656f726765202f20476f6c646c696e6b
3) matched: 13:18: <b>Action</b> | <i>Cassius / Cat Power / Mike D</i>
 1: 13:18  31333a3138
 2: Action  416374696f6e
 3: Cassius / Cat Power / Mike D  43617373697573202f2043617420506f776572202f204d696b652044
4) matched: 13:26: <b>Waste A Moment</b> | <i>Kings Of Leon</i>
 1: 13:26  31333a3236
 2: Waste A Moment  57617374652041204d6f6d656e74
 3: Kings Of Leon  4b696e6773204f66204c656f6e
5) matched: 13:29: <b>Stich</b> | <i>Brenk / Fid Mella</i>
 1: 13:29  31333a3239
 2: Stich  5374696368
 3: Brenk / Fid Mella  4272656e6b202f20466964204d656c6c61
6) matched: 13:33: <b>Big Cat</b> | <i>Wild Beasts</i>
 1: 13:33  31333a3333
 2: Big Cat  42696720436174
 3: Wild Beasts  57696c6420426561737473
---------------------------------------------------------------------
Playtime-Analyse:
---------------------------------------------------------------------
1) Spielzeit: 13:11, Tageszeit: 13:47, Spieldatum: 2016-09-11. --> Alte Playtime: 2016-09-11 13:11:00.
2) Spielzeit: 13:15, Tageszeit: 13:47, Spieldatum: 2016-09-11. --> Alte Playtime: 2016-09-11 13:15:00.
3) Spielzeit: 13:18, Tageszeit: 13:47, Spieldatum: 2016-09-11. --> Alte Playtime: 2016-09-11 13:18:00.
4) Spielzeit: 13:26, Tageszeit: 13:47, Spieldatum: 2016-09-11. --> Alte Playtime: 2016-09-11 13:26:00.
5) Spielzeit: 13:29, Tageszeit: 13:47, Spieldatum: 2016-09-11. --> Alte Playtime: 2016-09-11 13:29:00.
6) Spielzeit: 13:33, Tageszeit: 13:47, Spieldatum: 2016-09-11. --> Alte Playtime: 2016-09-11 13:33:00.
#####################################################################
Aktuelle Zeit: 11.09.2016 13:47
Dateiname    : main.1
Dateistempel : Sun, 11 Sep 2016 12:59:20 +0200
#####################################################################
Match-Analyse:
---------------------------------------------------------------------
1) matched: 12:36: <b> Superstition</b> | <i>Mel Torme</i>
 1: 12:36  31323a3336
 2:  Superstition  20537570657273746974696f6e
 3: Mel Torme  4d656c20546f726d65
2) matched: 12:39: <b> Sinhá Pureza</b> | <i>Pinduca</i>
 1: 12:39  31323a3339
 2:  Sinhá Pureza  2053696e68c3a120507572657a61
 3: Pinduca  50696e64756361
3) matched: 12:42: <b>Snoopies</b> | <i>De La Soul / David Byrne</i>
 1: 12:42  31323a3432
 2: Snoopies  536e6f6f70696573
 3: De La Soul / David Byrne  4465204c6120536f756c202f204461766964204279726e65
4) matched: 12:46: <b>Down With It</b> | <i>Robb</i>
 1: 12:46  31323a3436
 2: Down With It  446f776e2057697468204974
 3: Robb  526f6262
5) matched: 12:50: <b>Sun (giuliodj Remix)</b> | <i>Caribou</i>
 1: 12:50  31323a3530
 2: Sun (giuliodj Remix)  53756e20286769756c696f646a2052656d697829
 3: Caribou  43617269626f75
6) matched: 12:55: <b>Too Much Love</b> | <i>Get Well Soon</i>
 1: 12:55  31323a3535
 2: Too Much Love  546f6f204d756368204c6f7665
 3: Get Well Soon  4765742057656c6c20536f6f6e
---------------------------------------------------------------------
Playtime-Analyse:
---------------------------------------------------------------------
1) Spielzeit: 12:36, Tageszeit: 13:47, Spieldatum: 2016-09-11. --> Alte Playtime: 2016-09-11 12:36:00.
2) Spielzeit: 12:39, Tageszeit: 13:47, Spieldatum: 2016-09-11. --> Alte Playtime: 2016-09-11 12:39:00.
3) Spielzeit: 12:42, Tageszeit: 13:47, Spieldatum: 2016-09-11. --> Alte Playtime: 2016-09-11 12:42:00.
4) Spielzeit: 12:46, Tageszeit: 13:47, Spieldatum: 2016-09-11. --> Alte Playtime: 2016-09-11 12:46:00.
5) Spielzeit: 12:50, Tageszeit: 13:47, Spieldatum: 2016-09-11. --> Alte Playtime: 2016-09-11 12:50:00.
6) Spielzeit: 12:55, Tageszeit: 13:47, Spieldatum: 2016-09-11. --> Alte Playtime: 2016-09-11 12:55:00.
#####################################################################
Aktuelle Zeit: 11.09.2016 13:47
Dateiname    : main.5
Dateistempel : Sun, 11 Sep 2016 13:19:50 +0200
#####################################################################
Match-Analyse:
---------------------------------------------------------------------
1) matched: 12:55: <b>Too Much Love</b> | <i>Get Well Soon</i>
 1: 12:55  31323a3535
 2: Too Much Love  546f6f204d756368204c6f7665
 3: Get Well Soon  4765742057656c6c20536f6f6e
2) matched: 13:03: <b>Old Skool</b> | <i>Metronomy</i>
 1: 13:03  31333a3033
 2: Old Skool  4f6c6420536b6f6f6c
 3: Metronomy  4d6574726f6e6f6d79
3) matched: 13:06: <b>A Way</b> | <i>Siren</i>
 1: 13:06  31333a3036
 2: A Way  4120576179
 3: Siren  536972656e
4) matched: 13:11: <b>A Summer Song</b> | <i>Conner Youngblood</i>
 1: 13:11  31333a3131
 2: A Summer Song  412053756d6d657220536f6e67
 3: Conner Youngblood  436f6e6e657220596f756e67626c6f6f64
5) matched: 13:15: <b>Together</b> | <i>Kaytranada / Aluna George / Goldlink</i>
 1: 13:15  31333a3135
 2: Together  546f676574686572
 3: Kaytranada / Aluna George / Goldlink  4b61797472616e616461202f20416c756e612047656f726765202f20476f6c646c696e6b
6) matched: 13:18: <b>Action</b> | <i>Cassius / Cat Power / Mike D</i>
 1: 13:18  31333a3138
 2: Action  416374696f6e
 3: Cassius / Cat Power / Mike D  43617373697573202f2043617420506f776572202f204d696b652044
---------------------------------------------------------------------
Playtime-Analyse:
---------------------------------------------------------------------
1) Spielzeit: 12:55, Tageszeit: 13:47, Spieldatum: 2016-09-11. --> Alte Playtime: 2016-09-11 12:55:00.
2) Spielzeit: 13:03, Tageszeit: 13:47, Spieldatum: 2016-09-11. --> Alte Playtime: 2016-09-11 13:03:00.
3) Spielzeit: 13:06, Tageszeit: 13:47, Spieldatum: 2016-09-11. --> Alte Playtime: 2016-09-11 13:06:00.
4) Spielzeit: 13:11, Tageszeit: 13:47, Spieldatum: 2016-09-11. --> Alte Playtime: 2016-09-11 13:11:00.
5) Spielzeit: 13:15, Tageszeit: 13:47, Spieldatum: 2016-09-11. --> Alte Playtime: 2016-09-11 13:15:00.
6) Spielzeit: 13:18, Tageszeit: 13:47, Spieldatum: 2016-09-11. --> Alte Playtime: 2016-09-11 13:18:00.
#####################################################################
Aktuelle Zeit: 11.09.2016 13:47
Dateiname    : main.7
Dateistempel : Sun, 11 Sep 2016 13:23:25 +0200
#####################################################################
Match-Analyse:
---------------------------------------------------------------------
1) matched: 12:55: <b>Too Much Love</b> | <i>Get Well Soon</i>
 1: 12:55  31323a3535
 2: Too Much Love  546f6f204d756368204c6f7665
 3: Get Well Soon  4765742057656c6c20536f6f6e
2) matched: 13:03: <b>Old Skool</b> | <i>Metronomy</i>
 1: 13:03  31333a3033
 2: Old Skool  4f6c6420536b6f6f6c
 3: Metronomy  4d6574726f6e6f6d79
3) matched: 13:06: <b>A Way</b> | <i>Siren</i>
 1: 13:06  31333a3036
 2: A Way  4120576179
 3: Siren  536972656e
4) matched: 13:11: <b>A Summer Song</b> | <i>Conner Youngblood</i>
 1: 13:11  31333a3131
 2: A Summer Song  412053756d6d657220536f6e67
 3: Conner Youngblood  436f6e6e657220596f756e67626c6f6f64
5) matched: 13:15: <b>Together</b> | <i>Kaytranada / Aluna George / Goldlink</i>
 1: 13:15  31333a3135
 2: Together  546f676574686572
 3: Kaytranada / Aluna George / Goldlink  4b61797472616e616461202f20416c756e612047656f726765202f20476f6c646c696e6b
6) matched: 13:18: <b>Action</b> | <i>Cassius / Cat Power / Mike D</i>
 1: 13:18  31333a3138
 2: Action  416374696f6e
 3: Cassius / Cat Power / Mike D  43617373697573202f2043617420506f776572202f204d696b652044
---------------------------------------------------------------------
12:55Too Much LoveGet Well Soon13:03Old SkoolMetronomy13:06A WaySiren13:11A Summer SongConner Youngblood13:15TogetherKaytranada / Aluna George / Goldlink13:18ActionCassius / Cat Power / Mike D ==>  File gleicht Vorgängerin.
---------------------------------------------------------------------
#####################################################################
Aktuelle Zeit: 11.09.2016 13:47
Dateiname    : main.10
Dateistempel : Sun, 11 Sep 2016 13:40:08 +0200
#####################################################################
Match-Analyse:
---------------------------------------------------------------------
1) matched: 13:15: <b>Together</b> | <i>Kaytranada / Aluna George / Goldlink</i>
 1: 13:15  31333a3135
 2: Together  546f676574686572
 3: Kaytranada / Aluna George / Goldlink  4b61797472616e616461202f20416c756e612047656f726765202f20476f6c646c696e6b
2) matched: 13:18: <b>Action</b> | <i>Cassius / Cat Power / Mike D</i>
 1: 13:18  31333a3138
 2: Action  416374696f6e
 3: Cassius / Cat Power / Mike D  43617373697573202f2043617420506f776572202f204d696b652044
3) matched: 13:26: <b>Waste A Moment</b> | <i>Kings Of Leon</i>
 1: 13:26  31333a3236
 2: Waste A Moment  57617374652041204d6f6d656e74
 3: Kings Of Leon  4b696e6773204f66204c656f6e
4) matched: 13:29: <b>Stich</b> | <i>Brenk / Fid Mella</i>
 1: 13:29  31333a3239
 2: Stich  5374696368
 3: Brenk / Fid Mella  4272656e6b202f20466964204d656c6c61
5) matched: 13:33: <b>Big Cat</b> | <i>Wild Beasts</i>
 1: 13:33  31333a3333
 2: Big Cat  42696720436174
 3: Wild Beasts  57696c6420426561737473
6) matched: 13:36: <b>Malibu</b> | <i>Hole</i>
 1: 13:36  31333a3336
 2: Malibu  4d616c696275
 3: Hole  486f6c65
---------------------------------------------------------------------
Playtime-Analyse:
---------------------------------------------------------------------
1) Spielzeit: 13:15, Tageszeit: 13:47, Spieldatum: 2016-09-11. --> Alte Playtime: 2016-09-11 13:15:00.
2) Spielzeit: 13:18, Tageszeit: 13:47, Spieldatum: 2016-09-11. --> Alte Playtime: 2016-09-11 13:18:00.
3) Spielzeit: 13:26, Tageszeit: 13:47, Spieldatum: 2016-09-11. --> Alte Playtime: 2016-09-11 13:26:00.
4) Spielzeit: 13:29, Tageszeit: 13:47, Spieldatum: 2016-09-11. --> Alte Playtime: 2016-09-11 13:29:00.
5) Spielzeit: 13:33, Tageszeit: 13:47, Spieldatum: 2016-09-11. --> Alte Playtime: 2016-09-11 13:33:00.
6) Spielzeit: 13:36, Tageszeit: 13:47, Spieldatum: 2016-09-11. --> Alte Playtime: 2016-09-11 13:36:00.
#####################################################################
Aktuelle Zeit: 11.09.2016 13:47
Dateiname    : main.8
Dateistempel : Sun, 11 Sep 2016 13:28:50 +0200
#####################################################################
Match-Analyse:
---------------------------------------------------------------------
1) matched: 13:03: <b>Old Skool</b> | <i>Metronomy</i>
 1: 13:03  31333a3033
 2: Old Skool  4f6c6420536b6f6f6c
 3: Metronomy  4d6574726f6e6f6d79
2) matched: 13:06: <b>A Way</b> | <i>Siren</i>
 1: 13:06  31333a3036
 2: A Way  4120576179
 3: Siren  536972656e
3) matched: 13:11: <b>A Summer Song</b> | <i>Conner Youngblood</i>
 1: 13:11  31333a3131
 2: A Summer Song  412053756d6d657220536f6e67
 3: Conner Youngblood  436f6e6e657220596f756e67626c6f6f64
4) matched: 13:15: <b>Together</b> | <i>Kaytranada / Aluna George / Goldlink</i>
 1: 13:15  31333a3135
 2: Together  546f676574686572
 3: Kaytranada / Aluna George / Goldlink  4b61797472616e616461202f20416c756e612047656f726765202f20476f6c646c696e6b
5) matched: 13:18: <b>Action</b> | <i>Cassius / Cat Power / Mike D</i>
 1: 13:18  31333a3138
 2: Action  416374696f6e
 3: Cassius / Cat Power / Mike D  43617373697573202f2043617420506f776572202f204d696b652044
6) matched: 13:26: <b>Waste A Moment</b> | <i>Kings Of Leon</i>
 1: 13:26  31333a3236
 2: Waste A Moment  57617374652041204d6f6d656e74
 3: Kings Of Leon  4b696e6773204f66204c656f6e
---------------------------------------------------------------------
Playtime-Analyse:
---------------------------------------------------------------------
1) Spielzeit: 13:03, Tageszeit: 13:47, Spieldatum: 2016-09-11. --> Alte Playtime: 2016-09-11 13:03:00.
2) Spielzeit: 13:06, Tageszeit: 13:47, Spieldatum: 2016-09-11. --> Alte Playtime: 2016-09-11 13:06:00.
3) Spielzeit: 13:11, Tageszeit: 13:47, Spieldatum: 2016-09-11. --> Alte Playtime: 2016-09-11 13:11:00.
4) Spielzeit: 13:15, Tageszeit: 13:47, Spieldatum: 2016-09-11. --> Alte Playtime: 2016-09-11 13:15:00.
5) Spielzeit: 13:18, Tageszeit: 13:47, Spieldatum: 2016-09-11. --> Alte Playtime: 2016-09-11 13:18:00.
6) Spielzeit: 13:26, Tageszeit: 13:47, Spieldatum: 2016-09-11. --> Alte Playtime: 2016-09-11 13:26:00.
#####################################################################
Aktuelle Zeit: 11.09.2016 13:47
Dateiname    : main.6
Dateistempel : Sun, 11 Sep 2016 13:21:05 +0200
#####################################################################
Match-Analyse:
---------------------------------------------------------------------
1) matched: 12:55: <b>Too Much Love</b> | <i>Get Well Soon</i>
 1: 12:55  31323a3535
 2: Too Much Love  546f6f204d756368204c6f7665
 3: Get Well Soon  4765742057656c6c20536f6f6e
2) matched: 13:03: <b>Old Skool</b> | <i>Metronomy</i>
 1: 13:03  31333a3033
 2: Old Skool  4f6c6420536b6f6f6c
 3: Metronomy  4d6574726f6e6f6d79
3) matched: 13:06: <b>A Way</b> | <i>Siren</i>
 1: 13:06  31333a3036
 2: A Way  4120576179
 3: Siren  536972656e
4) matched: 13:11: <b>A Summer Song</b> | <i>Conner Youngblood</i>
 1: 13:11  31333a3131
 2: A Summer Song  412053756d6d657220536f6e67
 3: Conner Youngblood  436f6e6e657220596f756e67626c6f6f64
5) matched: 13:15: <b>Together</b> | <i>Kaytranada / Aluna George / Goldlink</i>
 1: 13:15  31333a3135
 2: Together  546f676574686572
 3: Kaytranada / Aluna George / Goldlink  4b61797472616e616461202f20416c756e612047656f726765202f20476f6c646c696e6b
6) matched: 13:18: <b>Action</b> | <i>Cassius / Cat Power / Mike D</i>
 1: 13:18  31333a3138
 2: Action  416374696f6e
 3: Cassius / Cat Power / Mike D  43617373697573202f2043617420506f776572202f204d696b652044
---------------------------------------------------------------------
Playtime-Analyse:
---------------------------------------------------------------------
1) Spielzeit: 12:55, Tageszeit: 13:47, Spieldatum: 2016-09-11. --> Alte Playtime: 2016-09-11 12:55:00.
2) Spielzeit: 13:03, Tageszeit: 13:47, Spieldatum: 2016-09-11. --> Alte Playtime: 2016-09-11 13:03:00.
3) Spielzeit: 13:06, Tageszeit: 13:47, Spieldatum: 2016-09-11. --> Alte Playtime: 2016-09-11 13:06:00.
4) Spielzeit: 13:11, Tageszeit: 13:47, Spieldatum: 2016-09-11. --> Alte Playtime: 2016-09-11 13:11:00.
5) Spielzeit: 13:15, Tageszeit: 13:47, Spieldatum: 2016-09-11. --> Alte Playtime: 2016-09-11 13:15:00.
6) Spielzeit: 13:18, Tageszeit: 13:47, Spieldatum: 2016-09-11. --> Alte Playtime: 2016-09-11 13:18:00.
#####################################################################
Aktuelle Zeit: 11.09.2016 13:47
Dateiname    : main
Dateistempel : Sun, 11 Sep 2016 12:59:04 +0200
#####################################################################
Match-Analyse:
---------------------------------------------------------------------
1) matched: 12:36: <b> Superstition</b> | <i>Mel Torme</i>
 1: 12:36  31323a3336
 2:  Superstition  20537570657273746974696f6e
 3: Mel Torme  4d656c20546f726d65
2) matched: 12:39: <b> Sinhá Pureza</b> | <i>Pinduca</i>
 1: 12:39  31323a3339
 2:  Sinhá Pureza  2053696e68c3a120507572657a61
 3: Pinduca  50696e64756361
3) matched: 12:42: <b>Snoopies</b> | <i>De La Soul / David Byrne</i>
 1: 12:42  31323a3432
 2: Snoopies  536e6f6f70696573
 3: De La Soul / David Byrne  4465204c6120536f756c202f204461766964204279726e65
4) matched: 12:46: <b>Down With It</b> | <i>Robb</i>
 1: 12:46  31323a3436
 2: Down With It  446f776e2057697468204974
 3: Robb  526f6262
5) matched: 12:50: <b>Sun (giuliodj Remix)</b> | <i>Caribou</i>
 1: 12:50  31323a3530
 2: Sun (giuliodj Remix)  53756e20286769756c696f646a2052656d697829
 3: Caribou  43617269626f75
6) matched: 12:55: <b>Too Much Love</b> | <i>Get Well Soon</i>
 1: 12:55  31323a3535
 2: Too Much Love  546f6f204d756368204c6f7665
 3: Get Well Soon  4765742057656c6c20536f6f6e
---------------------------------------------------------------------
Playtime-Analyse:
---------------------------------------------------------------------
1) Spielzeit: 12:36, Tageszeit: 13:47, Spieldatum: 2016-09-11. --> Alte Playtime: 2016-09-11 12:36:00.
2) Spielzeit: 12:39, Tageszeit: 13:47, Spieldatum: 2016-09-11. --> Alte Playtime: 2016-09-11 12:39:00.
3) Spielzeit: 12:42, Tageszeit: 13:47, Spieldatum: 2016-09-11. --> Alte Playtime: 2016-09-11 12:42:00.
4) Spielzeit: 12:46, Tageszeit: 13:47, Spieldatum: 2016-09-11. --> Alte Playtime: 2016-09-11 12:46:00.
5) Spielzeit: 12:50, Tageszeit: 13:47, Spieldatum: 2016-09-11. --> Alte Playtime: 2016-09-11 12:50:00.
6) Spielzeit: 12:55, Tageszeit: 13:47, Spieldatum: 2016-09-11. --> Alte Playtime: 2016-09-11 12:55:00.
---------------------------------------------------------------------
Finished.
---------------------------------------------------------------------